This file contains any messages produced by compilers while
running configure, to aid debugging if configure makes a mistake.

It was created by cairo-dock configure 1.5.6-alpha2, which was
generated by GNU Autoconf 2.61.  Invocation command line was

  $ ./configure --prefix=/usr --enable-glitz

## --------- ##
## Platform. ##
## --------- ##

hostname = esteban
uname -m = i686
uname -r = 2.6.24-16-generic
uname -s = Linux
uname -v = #1 SMP Thu Apr 10 13:23:42 UTC 2008

/usr/bin/uname -p = unknown
/bin/uname -X     = unknown

/bin/arch              = unknown
/usr/bin/arch -k       = unknown
/usr/convex/getsysinfo = unknown
/usr/bin/hostinfo      = unknown
/bin/machine           = unknown
/usr/bin/oslevel       = unknown
/bin/universe          = unknown

PATH: /usr/local/sbin
PATH: /usr/local/bin
PATH: /usr/sbin
PATH: /usr/bin
PATH: /sbin
PATH: /bin
PATH: /usr/games


## ----------- ##
## Core tests. ##
## ----------- ##

configure:2049: checking for a BSD-compatible install
configure:2105: result: /usr/bin/install -c
configure:2116: checking whether build environment is sane
configure:2159: result: yes
configure:2187: checking for a thread-safe mkdir -p
configure:2226: result: /bin/mkdir -p
configure:2239: checking for gawk
configure:2269: result: no
configure:2239: checking for mawk
configure:2255: found /usr/bin/mawk
configure:2266: result: mawk
configure:2277: checking whether make sets $(MAKE)
configure:2298: result: yes
configure:2564: checking build system type
configure:2582: result: i686-pc-linux-gnu
configure:2604: checking host system type
configure:2619: result: i686-pc-linux-gnu
configure:2653: checking for style of include used by make
configure:2681: result: GNU
configure:2751: checking for gcc
configure:2767: found /usr/bin/gcc
configure:2778: result: gcc
configure:3016: checking for C compiler version
configure:3023: gcc --version >&5
gcc (GCC) 4.2.3 (Ubuntu 4.2.3-2ubuntu7)
Copyright (C) 2007 Free Software Foundation, Inc.
This is free software; see the source for copying conditions.  There is NO
warranty; not even for MERCHANTABILITY or FITNESS FOR A PARTICULAR PURPOSE.

configure:3026: $? = 0
configure:3033: gcc -v >&5
Using built-in specs.
Target: i486-linux-gnu
Configured with: ../src/configure -v --enable-languages=c,c++,fortran,objc,obj-c++,treelang --prefix=/usr --enable-shared --with-system-zlib --libexecdir=/usr/lib --without-included-gettext --enable-threads=posix --enable-nls --with-gxx-include-dir=/usr/include/c++/4.2 --program-suffix=-4.2 --enable-clocale=gnu --enable-libstdcxx-debug --enable-objc-gc --enable-mpfr --enable-targets=all --enable-checking=release --build=i486-linux-gnu --host=i486-linux-gnu --target=i486-linux-gnu
Thread model: posix
gcc version 4.2.3 (Ubuntu 4.2.3-2ubuntu7)
configure:3036: $? = 0
configure:3043: gcc -V >&5
gcc: '-V' option must have argument
configure:3046: $? = 1
configure:3069: checking for C compiler default output file name
configure:3096: gcc    conftest.c  >&5
configure:3099: $? = 0
configure:3137: result: a.out
configure:3154: checking whether the C compiler works
configure:3164: ./a.out
configure:3167: $? = 0
configure:3184: result: yes
configure:3191: checking whether we are cross compiling
configure:3193: result: no
configure:3196: checking for suffix of executables
configure:3203: gcc -o conftest    conftest.c  >&5
configure:3206: $? = 0
configure:3230: result: 
configure:3236: checking for suffix of object files
configure:3262: gcc -c   conftest.c >&5
configure:3265: $? = 0
configure:3288: result: o
configure:3292: checking whether we are using the GNU C compiler
configure:3321: gcc -c   conftest.c >&5
configure:3327: $? = 0
configure:3344: result: yes
configure:3349: checking whether gcc accepts -g
configure:3379: gcc -c -g  conftest.c >&5
configure:3385: $? = 0
configure:3484: result: yes
configure:3501: checking for gcc option to accept ISO C89
configure:3575: gcc  -c -g -O2  conftest.c >&5
configure:3581: $? = 0
configure:3604: result: none needed
configure:3624: checking dependency style of gcc
configure:3715: result: gcc3
configure:3730: checking for a sed that does not truncate output
configure:3786: result: /bin/sed
configure:3789: checking for grep that handles long lines and -e
configure:3863: result: /bin/grep
configure:3868: checking for egrep
configure:3946: result: /bin/grep -E
configure:3962: checking for ld used by gcc
configure:4029: result: /usr/bin/ld
configure:4038: checking if the linker (/usr/bin/ld) is GNU ld
configure:4053: result: yes
configure:4058: checking for /usr/bin/ld option to reload object files
configure:4065: result: -r
configure:4083: checking for BSD-compatible nm
configure:4132: result: /usr/bin/nm -B
configure:4136: checking whether ln -s works
configure:4140: result: yes
configure:4147: checking how to recognize dependent libraries
configure:4333: result: pass_all
configure:4578: checking how to run the C preprocessor
configure:4618: gcc -E  conftest.c
configure:4624: $? = 0
configure:4655: gcc -E  conftest.c
conftest.c:10:28: error: ac_nonexistent.h: No such file or directory
configure:4661: $? = 1
configure: failed program was:
| /* confdefs.h.  */
| #define PACKAGE_NAME "cairo-dock"
| #define PACKAGE_TARNAME "cairo-dock"
| #define PACKAGE_VERSION "1.5.6-alpha2"
| #define PACKAGE_STRING "cairo-dock 1.5.6-alpha2"
| #define PACKAGE_BUGREPORT "Fabrice Rey (fabounet@users.berlios.de)"
| #define PACKAGE "cairo-dock"
| #define VERSION "1.5.6-alpha2"
| /* end confdefs.h.  */
| #include <ac_nonexistent.h>
configure:4694: result: gcc -E
configure:4723: gcc -E  conftest.c
configure:4729: $? = 0
configure:4760: gcc -E  conftest.c
conftest.c:10:28: error: ac_nonexistent.h: No such file or directory
configure:4766: $? = 1
configure: failed program was:
| /* confdefs.h.  */
| #define PACKAGE_NAME "cairo-dock"
| #define PACKAGE_TARNAME "cairo-dock"
| #define PACKAGE_VERSION "1.5.6-alpha2"
| #define PACKAGE_STRING "cairo-dock 1.5.6-alpha2"
| #define PACKAGE_BUGREPORT "Fabrice Rey (fabounet@users.berlios.de)"
| #define PACKAGE "cairo-dock"
| #define VERSION "1.5.6-alpha2"
| /* end confdefs.h.  */
| #include <ac_nonexistent.h>
configure:4804: checking for ANSI C header files
configure:4834: gcc -c -g -O2  conftest.c >&5
configure:4840: $? = 0
configure:4939: gcc -o conftest -g -O2   conftest.c  >&5
configure:4942: $? = 0
configure:4948: ./conftest
configure:4951: $? = 0
configure:4968: result: yes
configure:4992: checking for sys/types.h
configure:5013: gcc -c -g -O2  conftest.c >&5
configure:5019: $? = 0
configure:5035: result: yes
configure:4992: checking for sys/stat.h
configure:5013: gcc -c -g -O2  conftest.c >&5
configure:5019: $? = 0
configure:5035: result: yes
configure:4992: checking for stdlib.h
configure:5013: gcc -c -g -O2  conftest.c >&5
configure:5019: $? = 0
configure:5035: result: yes
configure:4992: checking for string.h
configure:5013: gcc -c -g -O2  conftest.c >&5
configure:5019: $? = 0
configure:5035: result: yes
configure:4992: checking for memory.h
configure:5013: gcc -c -g -O2  conftest.c >&5
configure:5019: $? = 0
configure:5035: result: yes
configure:4992: checking for strings.h
configure:5013: gcc -c -g -O2  conftest.c >&5
configure:5019: $? = 0
configure:5035: result: yes
configure:4992: checking for inttypes.h
configure:5013: gcc -c -g -O2  conftest.c >&5
configure:5019: $? = 0
configure:5035: result: yes
configure:4992: checking for stdint.h
configure:5013: gcc -c -g -O2  conftest.c >&5
configure:5019: $? = 0
configure:5035: result: yes
configure:4992: checking for unistd.h
configure:5013: gcc -c -g -O2  conftest.c >&5
configure:5019: $? = 0
configure:5035: result: yes
configure:5062: checking dlfcn.h usability
configure:5079: gcc -c -g -O2  conftest.c >&5
configure:5085: $? = 0
configure:5099: result: yes
configure:5103: checking dlfcn.h presence
configure:5118: gcc -E  conftest.c
configure:5124: $? = 0
configure:5138: result: yes
configure:5171: checking for dlfcn.h
configure:5179: result: yes
configure:5250: checking for g++
configure:5280: result: no
configure:5250: checking for c++
configure:5280: result: no
configure:5250: checking for gpp
configure:5280: result: no
configure:5250: checking for aCC
configure:5280: result: no
configure:5250: checking for CC
configure:5280: result: no
configure:5250: checking for cxx
configure:5280: result: no
configure:5250: checking for cc++
configure:5280: result: no
configure:5250: checking for cl.exe
configure:5280: result: no
configure:5250: checking for FCC
configure:5280: result: no
configure:5250: checking for KCC
configure:5280: result: no
configure:5250: checking for RCC
configure:5280: result: no
configure:5250: checking for xlC_r
configure:5280: result: no
configure:5250: checking for xlC
configure:5280: result: no
configure:5308: checking for C++ compiler version
configure:5315: g++ --version >&5
./configure: line 5316: g++: command not found
configure:5318: $? = 127
configure:5325: g++ -v >&5
./configure: line 5326: g++: command not found
configure:5328: $? = 127
configure:5335: g++ -V >&5
./configure: line 5336: g++: command not found
configure:5338: $? = 127
configure:5341: checking whether we are using the GNU C++ compiler
configure:5370: g++ -c   conftest.cpp >&5
./configure: line 5371: g++: command not found
configure:5376: $? = 127
configure: failed program was:
| /* confdefs.h.  */
| #define PACKAGE_NAME "cairo-dock"
| #define PACKAGE_TARNAME "cairo-dock"
| #define PACKAGE_VERSION "1.5.6-alpha2"
| #define PACKAGE_STRING "cairo-dock 1.5.6-alpha2"
| #define PACKAGE_BUGREPORT "Fabrice Rey (fabounet@users.berlios.de)"
| #define PACKAGE "cairo-dock"
| #define VERSION "1.5.6-alpha2"
| #define STDC_HEADERS 1
| #define HAVE_SYS_TYPES_H 1
| #define HAVE_SYS_STAT_H 1
| #define HAVE_STDLIB_H 1
| #define HAVE_STRING_H 1
| #define HAVE_MEMORY_H 1
| #define HAVE_STRINGS_H 1
| #define HAVE_INTTYPES_H 1
| #define HAVE_STDINT_H 1
| #define HAVE_UNISTD_H 1
| #define HAVE_DLFCN_H 1
| /* end confdefs.h.  */
| 
| int
| main ()
| {
| #ifndef __GNUC__
|        choke me
| #endif
| 
|   ;
|   return 0;
| }
configure:5393: result: no
configure:5398: checking whether g++ accepts -g
configure:5428: g++ -c -g  conftest.cpp >&5
./configure: line 5429: g++: command not found
configure:5434: $? = 127
configure: failed program was:
| /* confdefs.h.  */
| #define PACKAGE_NAME "cairo-dock"
| #define PACKAGE_TARNAME "cairo-dock"
| #define PACKAGE_VERSION "1.5.6-alpha2"
| #define PACKAGE_STRING "cairo-dock 1.5.6-alpha2"
| #define PACKAGE_BUGREPORT "Fabrice Rey (fabounet@users.berlios.de)"
| #define PACKAGE "cairo-dock"
| #define VERSION "1.5.6-alpha2"
| #define STDC_HEADERS 1
| #define HAVE_SYS_TYPES_H 1
| #define HAVE_SYS_STAT_H 1
| #define HAVE_STDLIB_H 1
| #define HAVE_STRING_H 1
| #define HAVE_MEMORY_H 1
| #define HAVE_STRINGS_H 1
| #define HAVE_INTTYPES_H 1
| #define HAVE_STDINT_H 1
| #define HAVE_UNISTD_H 1
| #define HAVE_DLFCN_H 1
| /* end confdefs.h.  */
| 
| int
| main ()
| {
| 
|   ;
|   return 0;
| }
configure:5466: g++ -c   conftest.cpp >&5
./configure: line 5467: g++: command not found
configure:5472: $? = 127
configure: failed program was:
| /* confdefs.h.  */
| #define PACKAGE_NAME "cairo-dock"
| #define PACKAGE_TARNAME "cairo-dock"
| #define PACKAGE_VERSION "1.5.6-alpha2"
| #define PACKAGE_STRING "cairo-dock 1.5.6-alpha2"
| #define PACKAGE_BUGREPORT "Fabrice Rey (fabounet@users.berlios.de)"
| #define PACKAGE "cairo-dock"
| #define VERSION "1.5.6-alpha2"
| #define STDC_HEADERS 1
| #define HAVE_SYS_TYPES_H 1
| #define HAVE_SYS_STAT_H 1
| #define HAVE_STDLIB_H 1
| #define HAVE_STRING_H 1
| #define HAVE_MEMORY_H 1
| #define HAVE_STRINGS_H 1
| #define HAVE_INTTYPES_H 1
| #define HAVE_STDINT_H 1
| #define HAVE_UNISTD_H 1
| #define HAVE_DLFCN_H 1
| /* end confdefs.h.  */
| 
| int
| main ()
| {
| 
|   ;
|   return 0;
| }
configure:5505: g++ -c -g  conftest.cpp >&5
./configure: line 5506: g++: command not found
configure:5511: $? = 127
configure: failed program was:
| /* confdefs.h.  */
| #define PACKAGE_NAME "cairo-dock"
| #define PACKAGE_TARNAME "cairo-dock"
| #define PACKAGE_VERSION "1.5.6-alpha2"
| #define PACKAGE_STRING "cairo-dock 1.5.6-alpha2"
| #define PACKAGE_BUGREPORT "Fabrice Rey (fabounet@users.berlios.de)"
| #define PACKAGE "cairo-dock"
| #define VERSION "1.5.6-alpha2"
| #define STDC_HEADERS 1
| #define HAVE_SYS_TYPES_H 1
| #define HAVE_SYS_STAT_H 1
| #define HAVE_STDLIB_H 1
| #define HAVE_STRING_H 1
| #define HAVE_MEMORY_H 1
| #define HAVE_STRINGS_H 1
| #define HAVE_INTTYPES_H 1
| #define HAVE_STDINT_H 1
| #define HAVE_UNISTD_H 1
| #define HAVE_DLFCN_H 1
| /* end confdefs.h.  */
| 
| int
| main ()
| {
| 
|   ;
|   return 0;
| }
configure:5533: result: no
configure:5558: checking dependency style of g++
configure:5649: result: none
configure:5951: checking for g77
configure:5981: result: no
configure:5951: checking for xlf
configure:5981: result: no
configure:5951: checking for f77
configure:5981: result: no
configure:5951: checking for frt
configure:5981: result: no
configure:5951: checking for pgf77
configure:5981: result: no
configure:5951: checking for cf77
configure:5981: result: no
configure:5951: checking for fort77
configure:5981: result: no
configure:5951: checking for fl32
configure:5981: result: no
configure:5951: checking for af77
configure:5981: result: no
configure:5951: checking for xlf90
configure:5981: result: no
configure:5951: checking for f90
configure:5981: result: no
configure:5951: checking for pgf90
configure:5981: result: no
configure:5951: checking for pghpf
configure:5981: result: no
configure:5951: checking for epcf90
configure:5981: result: no
configure:5951: checking for gfortran
configure:5981: result: no
configure:5951: checking for g95
configure:5981: result: no
configure:5951: checking for xlf95
configure:5981: result: no
configure:5951: checking for f95
configure:5981: result: no
configure:5951: checking for fort
configure:5981: result: no
configure:5951: checking for ifort
configure:5981: result: no
configure:5951: checking for ifc
configure:5981: result: no
configure:5951: checking for efc
configure:5981: result: no
configure:5951: checking for pgf95
configure:5981: result: no
configure:5951: checking for lf95
configure:5981: result: no
configure:5951: checking for ftn
configure:5981: result: no
configure:6008: checking for Fortran 77 compiler version
configure:6015:  --version >&5
./configure: line 6016: --version: command not found
configure:6018: $? = 127
configure:6025:  -v >&5
./configure: line 6026: -v: command not found
configure:6028: $? = 127
configure:6035:  -V >&5
./configure: line 6036: -V: command not found
configure:6038: $? = 127
configure:6046: checking whether we are using the GNU Fortran 77 compiler
configure:6065:  -c  conftest.F >&5
./configure: line 6066: -c: command not found
configure:6071: $? = 127
configure: failed program was:
|       program main
| #ifndef __GNUC__
|        choke me
| #endif
| 
|       end
configure:6088: result: no
configure:6094: checking whether  accepts -g
configure:6111:  -c -g conftest.f >&5
./configure: line 6112: -c: command not found
configure:6117: $? = 127
configure: failed program was:
|       program main
| 
|       end
configure:6133: result: no
configure:6162: checking the maximum length of command line arguments
configure:6274: result: 98304
configure:6286: checking command to parse /usr/bin/nm -B output from gcc object
configure:6391: gcc -c -g -O2  conftest.c >&5
configure:6394: $? = 0
configure:6398: /usr/bin/nm -B conftest.o \| sed -n -e 's/^.*[ 	]\([ABCDGIRSTW][ABCDGIRSTW]*\)[ 	][ 	]*\([_A-Za-z][_A-Za-z0-9]*\)$/\1 \2 \2/p' \> conftest.nm
configure:6401: $? = 0
configure:6453: gcc -o conftest -g -O2   conftest.c conftstm.o >&5
configure:6456: $? = 0
configure:6494: result: ok
configure:6498: checking for objdir
configure:6513: result: .libs
configure:6605: checking for ar
configure:6621: found /usr/bin/ar
configure:6632: result: ar
configure:6701: checking for ranlib
configure:6717: found /usr/bin/ranlib
configure:6728: result: ranlib
configure:6797: checking for strip
configure:6813: found /usr/bin/strip
configure:6824: result: strip
configure:7422: checking if gcc supports -fno-rtti -fno-exceptions
configure:7440: gcc -c -g -O2  -fno-rtti -fno-exceptions conftest.c >&5
cc1: warning: command line option "-fno-rtti" is valid for C++/ObjC++ but not for C
configure:7444: $? = 0
configure:7457: result: no
configure:7472: checking for gcc option to produce PIC
configure:7704: result: -fPIC
configure:7712: checking if gcc PIC flag -fPIC works
configure:7730: gcc -c -g -O2  -fPIC -DPIC conftest.c >&5
configure:7734: $? = 0
configure:7747: result: yes
configure:7775: checking if gcc static flag -static works
configure:7803: result: yes
configure:7813: checking if gcc supports -c -o file.o
configure:7834: gcc -c -g -O2  -o out/conftest2.o conftest.c >&5
configure:7838: $? = 0
configure:7860: result: yes
configure:7886: checking whether the gcc linker (/usr/bin/ld) supports shared libraries
configure:8867: result: yes
configure:8888: checking whether -lc should be explicitly linked in
configure:8893: gcc -c -g -O2  conftest.c >&5
configure:8896: $? = 0
configure:8911: gcc -shared conftest.o  -v -Wl,-soname -Wl,conftest -o conftest 2\>\&1 \| grep  -lc  \>/dev/null 2\>\&1
configure:8914: $? = 0
configure:8926: result: no
configure:8934: checking dynamic linker characteristics
configure:9548: result: GNU/Linux ld.so
configure:9572: checking how to hardcode library paths into programs
configure:9597: result: immediate
configure:9611: checking whether stripping libraries is possible
configure:9616: result: yes
configure:10418: checking if libtool supports shared libraries
configure:10420: result: yes
configure:10423: checking whether to build shared libraries
configure:10444: result: yes
configure:10447: checking whether to build static libraries
configure:10451: result: yes
configure:10545: creating libtool
configure:19835: checking for intltool >= 0.35.0
configure:19842: result: 0.35.0 found
configure:19893: checking for xgettext
configure:19911: found /usr/bin/xgettext
configure:19923: result: /usr/bin/xgettext
configure:19933: checking for msgmerge
configure:19951: found /usr/bin/msgmerge
configure:19963: result: /usr/bin/msgmerge
configure:19973: checking for msgfmt
configure:19991: found /usr/bin/msgfmt
configure:20003: result: /usr/bin/msgfmt
configure:20035: checking for perl
configure:20053: found /usr/bin/perl
configure:20065: result: /usr/bin/perl
configure:20084: checking for XML::Parser
configure:20087: result: ok
configure:20124: gcc -o conftest -g -O2   conftest.c  >&5
configure:20130: $? = 0
configure:20266: checking locale.h usability
configure:20283: gcc -c -g -O2  conftest.c >&5
configure:20289: $? = 0
configure:20303: result: yes
configure:20307: checking locale.h presence
configure:20322: gcc -E  conftest.c
configure:20328: $? = 0
configure:20342: result: yes
configure:20375: checking for locale.h
configure:20383: result: yes
configure:20397: checking for LC_MESSAGES
configure:20423: gcc -o conftest -g -O2   conftest.c  >&5
configure:20429: $? = 0
configure:20446: result: yes
configure:20475: checking libintl.h usability
configure:20492: gcc -c -g -O2  conftest.c >&5
configure:20498: $? = 0
configure:20512: result: yes
configure:20516: checking libintl.h presence
configure:20531: gcc -E  conftest.c
configure:20537: $? = 0
configure:20551: result: yes
configure:20584: checking for libintl.h
configure:20591: result: yes
configure:20602: checking for ngettext in libc
configure:20630: gcc -o conftest -g -O2   conftest.c  >&5
configure:20636: $? = 0
configure:20654: result: yes
configure:20658: checking for dgettext in libc
configure:20686: gcc -o conftest -g -O2   conftest.c  >&5
configure:20692: $? = 0
configure:20710: result: yes
configure:20719: checking for bind_textdomain_codeset
configure:20775: gcc -o conftest -g -O2   conftest.c  >&5
configure:20781: $? = 0
configure:20799: result: yes
configure:21286: checking for msgfmt
configure:21313: result: /usr/bin/msgfmt
configure:21326: checking for dcgettext
configure:21382: gcc -o conftest -g -O2   conftest.c   >&5
conftest.c:48: warning: conflicting types for built-in function 'dcgettext'
configure:21388: $? = 0
configure:21406: result: yes
configure:21417: checking if msgfmt accepts -c
configure:21432: $MSGFMT -c -o /dev/null conftest.foo
configure:21435: $? = 0
configure:21437: result: yes
configure:21447: checking for gmsgfmt
configure:21478: result: /usr/bin/msgfmt
configure:21488: checking for xgettext
configure:21515: result: /usr/bin/xgettext
configure:21544: gcc -o conftest -g -O2   conftest.c   >&5
configure:21550: $? = 0
configure:21833: checking for gcc
configure:21860: result: gcc
configure:22098: checking for C compiler version
configure:22105: gcc --version >&5
gcc (GCC) 4.2.3 (Ubuntu 4.2.3-2ubuntu7)
Copyright (C) 2007 Free Software Foundation, Inc.
This is free software; see the source for copying conditions.  There is NO
warranty; not even for MERCHANTABILITY or FITNESS FOR A PARTICULAR PURPOSE.

configure:22108: $? = 0
configure:22115: gcc -v >&5
Using built-in specs.
Target: i486-linux-gnu
Configured with: ../src/configure -v --enable-languages=c,c++,fortran,objc,obj-c++,treelang --prefix=/usr --enable-shared --with-system-zlib --libexecdir=/usr/lib --without-included-gettext --enable-threads=posix --enable-nls --with-gxx-include-dir=/usr/include/c++/4.2 --program-suffix=-4.2 --enable-clocale=gnu --enable-libstdcxx-debug --enable-objc-gc --enable-mpfr --enable-targets=all --enable-checking=release --build=i486-linux-gnu --host=i486-linux-gnu --target=i486-linux-gnu
Thread model: posix
gcc version 4.2.3 (Ubuntu 4.2.3-2ubuntu7)
configure:22118: $? = 0
configure:22125: gcc -V >&5
gcc: '-V' option must have argument
configure:22128: $? = 1
configure:22131: checking whether we are using the GNU C compiler
configure:22183: result: yes
configure:22188: checking whether gcc accepts -g
configure:22323: result: yes
configure:22340: checking for gcc option to accept ISO C89
configure:22443: result: none needed
configure:22463: checking dependency style of gcc
configure:22554: result: gcc3
configure:22573: checking for ANSI C header files
configure:22737: result: yes
configure:22763: checking math.h usability
configure:22780: gcc -c -g -O2  conftest.c >&5
configure:22786: $? = 0
configure:22800: result: yes
configure:22804: checking math.h presence
configure:22819: gcc -E  conftest.c
configure:22825: $? = 0
configure:22839: result: yes
configure:22872: checking for math.h
configure:22880: result: yes
configure:22753: checking for stdlib.h
configure:22759: result: yes
configure:22969: checking for pkg-config
configure:22987: found /usr/bin/pkg-config
configure:22999: result: /usr/bin/pkg-config
configure:23028: checking pkg-config is at least version 0.9.0
configure:23031: result: yes
configure:23042: checking for PACKAGE
configure:23050: $PKG_CONFIG --exists --print-errors ""gtk+-2.0 gthread-2.0 cairo librsvg-2.0 glitz dbus-1 dbus-glib-1 libxml-2.0 xtst""
configure:23053: $? = 0
configure:23068: $PKG_CONFIG --exists --print-errors ""gtk+-2.0 gthread-2.0 cairo librsvg-2.0 glitz dbus-1 dbus-glib-1 libxml-2.0 xtst""
configure:23071: $? = 0
configure:23147: result: yes
configure:23153: checking for GLITZ
configure:23161: $PKG_CONFIG --exists --print-errors ""glitz-glx""
configure:23164: $? = 0
configure:23179: $PKG_CONFIG --exists --print-errors ""glitz-glx""
configure:23182: $? = 0
configure:23258: result: yes
configure:23411: creating ./config.status

## ---------------------- ##
## Running config.status. ##
## ---------------------- ##

This file was extended by cairo-dock config.status 1.5.6-alpha2, which was
generated by GNU Autoconf 2.61.  Invocation command line was

  CONFIG_FILES    = 
  CONFIG_HEADERS  = 
  CONFIG_LINKS    = 
  CONFIG_COMMANDS = 
  $ ./config.status 

on esteban

config.status:740: creating Makefile
config.status:740: creating cairo-dock.pc
config.status:880: WARNING:  cairo-dock.pc.in seems to ignore the --datarootdir setting
config.status:740: creating src/Makefile
config.status:740: creating po/Makefile.in
config.status:740: creating data/Makefile
config.status:740: creating data/cairo-dock.conf
config.status:740: creating data/main-dock.conf
config.status:740: creating data/default-theme/Makefile
config.status:740: creating data/default-theme/launchers/Makefile
config.status:740: creating data/gauges/Makefile
config.status:740: creating data/gauges/radium/Makefile
config.status:740: creating data/gauges/radium-fuel/Makefile
config.status:740: creating data/gauges/battery/Makefile
config.status:740: creating data/gauges/old-square/Makefile
config.status:740: creating data/gauges/turbo-night/Makefile
config.status:740: creating data/gauges/turbo-night-fuel/Makefile
config.status:740: creating data/gauges/turbo-night-dual/Makefile
config.status:740: creating data/gauges/rainbow/Makefile
config.status:740: creating data/gauges/tomato/Makefile
config.status:740: creating config.h
config.status:1024: executing depfiles commands
config.status:1024: executing intltool commands
config.status:1024: executing default-1 commands
config.status:1024: executing po/stamp-it commands

## ---------------- ##
## Cache variables. ##
## ---------------- ##

ac_cv_build=i686-pc-linux-gnu
ac_cv_c_compiler_gnu=yes
ac_cv_cxx_compiler_gnu=no
ac_cv_env_CCC_set=
ac_cv_env_CCC_value=
ac_cv_env_CC_set=
ac_cv_env_CC_value=
ac_cv_env_CFLAGS_set=
ac_cv_env_CFLAGS_value=
ac_cv_env_CPPFLAGS_set=
ac_cv_env_CPPFLAGS_value=
ac_cv_env_CPP_set=
ac_cv_env_CPP_value=
ac_cv_env_CXXCPP_set=
ac_cv_env_CXXCPP_value=
ac_cv_env_CXXFLAGS_set=
ac_cv_env_CXXFLAGS_value=
ac_cv_env_CXX_set=
ac_cv_env_CXX_value=
ac_cv_env_F77_set=
ac_cv_env_F77_value=
ac_cv_env_FFLAGS_set=
ac_cv_env_FFLAGS_value=
ac_cv_env_GLITZ_CFLAGS_set=
ac_cv_env_GLITZ_CFLAGS_value=
ac_cv_env_GLITZ_LIBS_set=
ac_cv_env_GLITZ_LIBS_value=
ac_cv_env_LDFLAGS_set=
ac_cv_env_LDFLAGS_value=
ac_cv_env_LIBS_set=
ac_cv_env_LIBS_value=
ac_cv_env_PACKAGE_CFLAGS_set=
ac_cv_env_PACKAGE_CFLAGS_value=
ac_cv_env_PACKAGE_LIBS_set=
ac_cv_env_PACKAGE_LIBS_value=
ac_cv_env_PKG_CONFIG_set=
ac_cv_env_PKG_CONFIG_value=
ac_cv_env_build_alias_set=
ac_cv_env_build_alias_value=
ac_cv_env_host_alias_set=
ac_cv_env_host_alias_value=
ac_cv_env_target_alias_set=
ac_cv_env_target_alias_value=
ac_cv_f77_compiler_gnu=no
ac_cv_func_bind_textdomain_codeset=yes
ac_cv_func_dcgettext=yes
ac_cv_header_dlfcn_h=yes
ac_cv_header_inttypes_h=yes
ac_cv_header_libintl_h=yes
ac_cv_header_locale_h=yes
ac_cv_header_math_h=yes
ac_cv_header_memory_h=yes
ac_cv_header_stdc=yes
ac_cv_header_stdint_h=yes
ac_cv_header_stdlib_h=yes
ac_cv_header_string_h=yes
ac_cv_header_strings_h=yes
ac_cv_header_sys_stat_h=yes
ac_cv_header_sys_types_h=yes
ac_cv_header_unistd_h=yes
ac_cv_host=i686-pc-linux-gnu
ac_cv_objext=o
ac_cv_path_EGREP='/bin/grep -E'
ac_cv_path_GMSGFMT=/usr/bin/msgfmt
ac_cv_path_GREP=/bin/grep
ac_cv_path_INTLTOOL_PERL=/usr/bin/perl
ac_cv_path_MSGFMT=/usr/bin/msgfmt
ac_cv_path_MSGMERGE=/usr/bin/msgmerge
ac_cv_path_XGETTEXT=/usr/bin/xgettext
ac_cv_path_ac_pt_PKG_CONFIG=/usr/bin/pkg-config
ac_cv_path_install='/usr/bin/install -c'
ac_cv_path_mkdir=/bin/mkdir
ac_cv_prog_AWK=mawk
ac_cv_prog_CPP='gcc -E'
ac_cv_prog_ac_ct_AR=ar
ac_cv_prog_ac_ct_CC=gcc
ac_cv_prog_ac_ct_RANLIB=ranlib
ac_cv_prog_ac_ct_STRIP=strip
ac_cv_prog_cc_c89=
ac_cv_prog_cc_g=yes
ac_cv_prog_cxx_g=no
ac_cv_prog_f77_g=no
ac_cv_prog_make_make_set=yes
am_cv_CC_dependencies_compiler_type=gcc3
am_cv_CXX_dependencies_compiler_type=none
am_cv_val_LC_MESSAGES=yes
gt_cv_func_dgettext_libc=yes
gt_cv_func_dgettext_libintl=no
gt_cv_func_ngettext_libc=yes
gt_cv_have_gettext=yes
lt_cv_deplibs_check_method=pass_all
lt_cv_file_magic_cmd='$MAGIC_CMD'
lt_cv_file_magic_test_file=
lt_cv_ld_reload_flag=-r
lt_cv_objdir=.libs
lt_cv_path_LD=/usr/bin/ld
lt_cv_path_NM='/usr/bin/nm -B'
lt_cv_path_SED=/bin/sed
lt_cv_prog_compiler_c_o=yes
lt_cv_prog_compiler_pic_works=yes
lt_cv_prog_compiler_rtti_exceptions=no
lt_cv_prog_compiler_static_works=yes
lt_cv_prog_gnu_ld=yes
lt_cv_sys_global_symbol_pipe='sed -n -e '\''s/^.*[ 	]\([ABCDGIRSTW][ABCDGIRSTW]*\)[ 	][ 	]*\([_A-Za-z][_A-Za-z0-9]*\)$/\1 \2 \2/p'\'''
lt_cv_sys_global_symbol_to_c_name_address='sed -n -e '\''s/^: \([^ ]*\) $/  {\"\1\", (lt_ptr) 0},/p'\'' -e '\''s/^[BCDEGRST] \([^ ]*\) \([^ ]*\)$/  {"\2", (lt_ptr) \&\2},/p'\'''
lt_cv_sys_global_symbol_to_cdecl='sed -n -e '\''s/^. .* \(.*\)$/extern int \1;/p'\'''
lt_cv_sys_lib_dlsearch_path_spec='/lib /usr/lib /lib/i486-linux-gnu /usr/lib/i486-linux-gnu /usr/local/lib '
lt_cv_sys_lib_search_path_spec='/usr/lib/gcc/i486-linux-gnu/4.2.3 /usr/lib /lib'
lt_cv_sys_max_cmd_len=98304
lt_lt_cv_prog_compiler_c_o='"yes"'
lt_lt_cv_sys_global_symbol_pipe='"sed -n -e '\''s/^.*[ 	]\\([ABCDGIRSTW][ABCDGIRSTW]*\\)[ 	][ 	]*\\([_A-Za-z][_A-Za-z0-9]*\\)\$/\\1 \\2 \\2/p'\''"'
lt_lt_cv_sys_global_symbol_to_c_name_address='"sed -n -e '\''s/^: \\([^ ]*\\) \$/  {\\\"\\1\\\", (lt_ptr) 0},/p'\'' -e '\''s/^[BCDEGRST] \\([^ ]*\\) \\([^ ]*\\)\$/  {\"\\2\", (lt_ptr) \\&\\2},/p'\''"'
lt_lt_cv_sys_global_symbol_to_cdecl='"sed -n -e '\''s/^. .* \\(.*\\)\$/extern int \\1;/p'\''"'
pkg_cv_GLITZ_CFLAGS='-I/usr/local/include  '
pkg_cv_GLITZ_LIBS='-L/usr/local/lib -lglitz-glx -lX11 -lGL -lpthread -lglitz -lm  '
pkg_cv_PACKAGE_CFLAGS='-pthread -I/usr/local/include/cairo -I/usr/local/include -I/usr/local/include/pixman-1 -I/usr/include/gtk-2.0 -I/usr/lib/gtk-2.0/include -I/usr/include/atk-1.0 -I/usr/include/pango-1.0 -I/usr/include/glib-2.0 -I/usr/lib/glib-2.0/include -I/usr/include/freetype2 -I/usr/include/libpng12 -I/usr/include/librsvg-2 -I/usr/include/dbus-1.0 -I/usr/lib/dbus-1.0/include -I/usr/include/libxml2  '
pkg_cv_PACKAGE_LIBS='-pthread -L/usr/local/lib -lgtk-x11-2.0 -lgdk-x11-2.0 -latk-1.0 -lpangocairo-1.0 -lpango-1.0 -lgthread-2.0 -lrt -lrsvg-2 -lgdk_pixbuf-2.0 -lcairo -lgmodule-2.0 -ldl -lglitz -lm -ldbus-glib-1 -ldbus-1 -lgobject-2.0 -lglib-2.0 -lxml2 -lXtst  '

## ----------------- ##
## Output variables. ##
## ----------------- ##

ACLOCAL='${SHELL} /opt/cairo-dock/trunk/cairo-dock/missing --run aclocal-1.10'
ALL_LINGUAS=''
AMDEPBACKSLASH='\'
AMDEP_FALSE='#'
AMDEP_TRUE=''
AMTAR='${SHELL} /opt/cairo-dock/trunk/cairo-dock/missing --run tar'
AR='ar'
AUTOCONF='${SHELL} /opt/cairo-dock/trunk/cairo-dock/missing --run autoconf'
AUTOHEADER='${SHELL} /opt/cairo-dock/trunk/cairo-dock/missing --run autoheader'
AUTOMAKE='${SHELL} /opt/cairo-dock/trunk/cairo-dock/missing --run automake-1.10'
AWK='mawk'
CATALOGS=''
CATOBJEXT='.gmo'
CC='gcc'
CCDEPMODE='depmode=gcc3'
CFLAGS='-g -O2'
COMPIL_VERBOSE_FALSE=''
COMPIL_VERBOSE_TRUE='#'
COMPIL_WITH_GLITZ_FALSE='#'
COMPIL_WITH_GLITZ_TRUE=''
CPP='gcc -E'
CPPFLAGS=''
CXX='g++'
CXXCPP=''
CXXDEPMODE='depmode=none'
CXXFLAGS=''
CYGPATH_W='echo'
DATADIRNAME='share'
DEFS='-DHAVE_CONFIG_H'
DEPDIR='.deps'
DSYMUTIL=''
ECHO='echo'
ECHO_C=''
ECHO_N='-n'
ECHO_T=''
EGREP='/bin/grep -E'
EXEEXT=''
F77=''
FFLAGS=''
GETTEXT_PACKAGE='cairo-dock'
GLITZ_CFLAGS='-I/usr/local/include  '
GLITZ_LIBS='-L/usr/local/lib -lglitz-glx -lX11 -lGL -lpthread -lglitz -lm  '
GMOFILES=''
GMSGFMT='/usr/bin/msgfmt'
GREP='/bin/grep'
INSTALL_DATA='${INSTALL} -m 644'
INSTALL_PROGRAM='${INSTALL}'
INSTALL_SCRIPT='${INSTALL}'
INSTALL_STRIP_PROGRAM='$(install_sh) -c -s'
INSTOBJEXT='.mo'
INTLLIBS=''
INTLTOOL_CAVES_RULE='%.caves:     %.caves.in     $(INTLTOOL_MERGE) $(wildcard $(top_srcdir)/po/*.po) ; LC_ALL=C $(INTLTOOL_MERGE) -d -u -c $(top_builddir)/po/.intltool-merge-cache $(top_srcdir)/po $< $@'
INTLTOOL_DESKTOP_RULE='%.desktop:   %.desktop.in   $(INTLTOOL_MERGE) $(wildcard $(top_srcdir)/po/*.po) ; LC_ALL=C $(INTLTOOL_MERGE) -d -u -c $(top_builddir)/po/.intltool-merge-cache $(top_srcdir)/po $< $@'
INTLTOOL_DIRECTORY_RULE='%.directory: %.directory.in $(INTLTOOL_MERGE) $(wildcard $(top_srcdir)/po/*.po) ; LC_ALL=C $(INTLTOOL_MERGE) -d -u -c $(top_builddir)/po/.intltool-merge-cache $(top_srcdir)/po $< $@'
INTLTOOL_EXTRACT='$(top_builddir)/intltool-extract'
INTLTOOL_KBD_RULE='%.kbd:       %.kbd.in       $(INTLTOOL_MERGE) $(wildcard $(top_srcdir)/po/*.po) ; LC_ALL=C $(INTLTOOL_MERGE) -x -u -m -c $(top_builddir)/po/.intltool-merge-cache $(top_srcdir)/po $< $@'
INTLTOOL_KEYS_RULE='%.keys:      %.keys.in      $(INTLTOOL_MERGE) $(wildcard $(top_srcdir)/po/*.po) ; LC_ALL=C $(INTLTOOL_MERGE) -k -u -c $(top_builddir)/po/.intltool-merge-cache $(top_srcdir)/po $< $@'
INTLTOOL_MERGE='$(top_builddir)/intltool-merge'
INTLTOOL_OAF_RULE='%.oaf:       %.oaf.in       $(INTLTOOL_MERGE) $(wildcard $(top_srcdir)/po/*.po) ; LC_ALL=C $(INTLTOOL_MERGE) -o -p $(top_srcdir)/po $< $@'
INTLTOOL_PERL='/usr/bin/perl'
INTLTOOL_POLICY_RULE='%.policy:    %.policy.in    $(INTLTOOL_MERGE) $(wildcard $(top_srcdir)/po/*.po) ; LC_ALL=C $(INTLTOOL_MERGE) -x -u -c $(top_builddir)/po/.intltool-merge-cache $(top_srcdir)/po $< $@'
INTLTOOL_PONG_RULE='%.pong:      %.pong.in      $(INTLTOOL_MERGE) $(wildcard $(top_srcdir)/po/*.po) ; LC_ALL=C $(INTLTOOL_MERGE) -x -u -c $(top_builddir)/po/.intltool-merge-cache $(top_srcdir)/po $< $@'
INTLTOOL_PROP_RULE='%.prop:      %.prop.in      $(INTLTOOL_MERGE) $(wildcard $(top_srcdir)/po/*.po) ; LC_ALL=C $(INTLTOOL_MERGE) -d -u -c $(top_builddir)/po/.intltool-merge-cache $(top_srcdir)/po $< $@'
INTLTOOL_SCHEMAS_RULE='%.schemas:   %.schemas.in   $(INTLTOOL_MERGE) $(wildcard $(top_srcdir)/po/*.po) ; LC_ALL=C $(INTLTOOL_MERGE) -s -u -c $(top_builddir)/po/.intltool-merge-cache $(top_srcdir)/po $< $@'
INTLTOOL_SERVER_RULE='%.server:    %.server.in    $(INTLTOOL_MERGE) $(wildcard $(top_srcdir)/po/*.po) ; LC_ALL=C $(INTLTOOL_MERGE) -o -u -c $(top_builddir)/po/.intltool-merge-cache $(top_srcdir)/po $< $@'
INTLTOOL_SERVICE_RULE='%.service: %.service.in   $(INTLTOOL_MERGE) $(wildcard $(top_srcdir)/po/*.po) ; LC_ALL=C $(INTLTOOL_MERGE) -d -u -c $(top_builddir)/po/.intltool-merge-cache $(top_srcdir)/po $< $@'
INTLTOOL_SHEET_RULE='%.sheet:     %.sheet.in     $(INTLTOOL_MERGE) $(wildcard $(top_srcdir)/po/*.po) ; LC_ALL=C $(INTLTOOL_MERGE) -x -u -c $(top_builddir)/po/.intltool-merge-cache $(top_srcdir)/po $< $@'
INTLTOOL_SOUNDLIST_RULE='%.soundlist: %.soundlist.in $(INTLTOOL_MERGE) $(wildcard $(top_srcdir)/po/*.po) ; LC_ALL=C $(INTLTOOL_MERGE) -d -u -c $(top_builddir)/po/.intltool-merge-cache $(top_srcdir)/po $< $@'
INTLTOOL_THEME_RULE='%.theme:     %.theme.in     $(INTLTOOL_MERGE) $(wildcard $(top_srcdir)/po/*.po) ; LC_ALL=C $(INTLTOOL_MERGE) -d -u -c $(top_builddir)/po/.intltool-merge-cache $(top_srcdir)/po $< $@'
INTLTOOL_UI_RULE='%.ui:        %.ui.in        $(INTLTOOL_MERGE) $(wildcard $(top_srcdir)/po/*.po) ; LC_ALL=C $(INTLTOOL_MERGE) -x -u -c $(top_builddir)/po/.intltool-merge-cache $(top_srcdir)/po $< $@'
INTLTOOL_UPDATE='$(top_builddir)/intltool-update'
INTLTOOL_XAM_RULE='%.xam:       %.xml.in       $(INTLTOOL_MERGE) $(wildcard $(top_srcdir)/po/*.po) ; LC_ALL=C $(INTLTOOL_MERGE) -x -u -c $(top_builddir)/po/.intltool-merge-cache $(top_srcdir)/po $< $@'
INTLTOOL_XML_NOMERGE_RULE='%.xml:       %.xml.in       $(INTLTOOL_MERGE) ; LC_ALL=C $(INTLTOOL_MERGE) -x -u /tmp $< $@'
INTLTOOL_XML_RULE='%.xml:       %.xml.in       $(INTLTOOL_MERGE) $(wildcard $(top_srcdir)/po/*.po) ; LC_ALL=C $(INTLTOOL_MERGE) -x -u -c $(top_builddir)/po/.intltool-merge-cache $(top_srcdir)/po $< $@'
LDFLAGS=''
LIBOBJS=''
LIBS=''
LIBTOOL='$(SHELL) $(top_builddir)/libtool'
LN_S='ln -s'
LTLIBOBJS=''
MAKEINFO='${SHELL} /opt/cairo-dock/trunk/cairo-dock/missing --run makeinfo'
MKINSTALLDIRS='./mkinstalldirs'
MSGFMT='/usr/bin/msgfmt'
MSGFMT_OPTS='-c'
MSGMERGE='/usr/bin/msgmerge'
NMEDIT=''
OBJEXT='o'
PACKAGE='cairo-dock'
PACKAGE_BUGREPORT='Fabrice Rey (fabounet@users.berlios.de)'
PACKAGE_CFLAGS='-pthread -I/usr/local/include/cairo -I/usr/local/include -I/usr/local/include/pixman-1 -I/usr/include/gtk-2.0 -I/usr/lib/gtk-2.0/include -I/usr/include/atk-1.0 -I/usr/include/pango-1.0 -I/usr/include/glib-2.0 -I/usr/lib/glib-2.0/include -I/usr/include/freetype2 -I/usr/include/libpng12 -I/usr/include/librsvg-2 -I/usr/include/dbus-1.0 -I/usr/lib/dbus-1.0/include -I/usr/include/libxml2  '
PACKAGE_LIBS='-pthread -L/usr/local/lib -lgtk-x11-2.0 -lgdk-x11-2.0 -latk-1.0 -lpangocairo-1.0 -lpango-1.0 -lgthread-2.0 -lrt -lrsvg-2 -lgdk_pixbuf-2.0 -lcairo -lgmodule-2.0 -ldl -lglitz -lm -ldbus-glib-1 -ldbus-1 -lgobject-2.0 -lglib-2.0 -lxml2 -lXtst  '
PACKAGE_NAME='cairo-dock'
PACKAGE_STRING='cairo-dock 1.5.6-alpha2'
PACKAGE_TARNAME='cairo-dock'
PACKAGE_VERSION='1.5.6-alpha2'
PATH_SEPARATOR=':'
PKG_CONFIG='/usr/bin/pkg-config'
POFILES=''
POSUB='po'
PO_IN_DATADIR_FALSE=''
PO_IN_DATADIR_TRUE=''
RANLIB='ranlib'
SED='/bin/sed'
SET_MAKE=''
SHELL='/bin/bash'
STRIP='strip'
USE_NLS='yes'
VERSION='1.5.6-alpha2'
XGETTEXT='/usr/bin/xgettext'
ac_ct_CC='gcc'
ac_ct_CXX=''
ac_ct_F77=''
am__fastdepCC_FALSE='#'
am__fastdepCC_TRUE=''
am__fastdepCXX_FALSE=''
am__fastdepCXX_TRUE='#'
am__include='include'
am__isrc=''
am__leading_dot='.'
am__quote=''
am__tar='${AMTAR} chof - "$$tardir"'
am__untar='${AMTAR} xf -'
bindir='${exec_prefix}/bin'
build='i686-pc-linux-gnu'
build_alias=''
build_cpu='i686'
build_os='linux-gnu'
build_vendor='pc'
datadir='${datarootdir}'
datarootdir='${prefix}/share'
docdir='${datarootdir}/doc/${PACKAGE_TARNAME}'
dvidir='${docdir}'
exec_prefix='${prefix}'
host='i686-pc-linux-gnu'
host_alias=''
host_cpu='i686'
host_os='linux-gnu'
host_vendor='pc'
htmldir='${docdir}'
includedir='${prefix}/include'
infodir='${datarootdir}/info'
install_sh='$(SHELL) /opt/cairo-dock/trunk/cairo-dock/install-sh'
libdir='${exec_prefix}/lib'
libexecdir='${exec_prefix}/libexec'
localedir='${datarootdir}/locale'
localstatedir='${prefix}/var'
mandir='${datarootdir}/man'
mkdir_p='/bin/mkdir -p'
oldincludedir='/usr/include'
pdfdir='${docdir}'
prefix='/usr'
program_transform_name='s,x,x,'
psdir='${docdir}'
sbindir='${exec_prefix}/sbin'
sharedstatedir='${prefix}/com'
sysconfdir='${prefix}/etc'
target_alias=''

## ----------- ##
## confdefs.h. ##
## ----------- ##

#define PACKAGE_NAME "cairo-dock"
#define PACKAGE_TARNAME "cairo-dock"
#define PACKAGE_VERSION "1.5.6-alpha2"
#define PACKAGE_STRING "cairo-dock 1.5.6-alpha2"
#define PACKAGE_BUGREPORT "Fabrice Rey (fabounet@users.berlios.de)"
#define PACKAGE "cairo-dock"
#define VERSION "1.5.6-alpha2"
#define STDC_HEADERS 1
#define HAVE_SYS_TYPES_H 1
#define HAVE_SYS_STAT_H 1
#define HAVE_STDLIB_H 1
#define HAVE_STRING_H 1
#define HAVE_MEMORY_H 1
#define HAVE_STRINGS_H 1
#define HAVE_INTTYPES_H 1
#define HAVE_STDINT_H 1
#define HAVE_UNISTD_H 1
#define HAVE_DLFCN_H 1
#define HAVE_LOCALE_H 1
#define HAVE_LC_MESSAGES 1
#define HAVE_BIND_TEXTDOMAIN_CODESET 1
#define HAVE_GETTEXT 1
#define HAVE_DCGETTEXT 1
#define ENABLE_NLS 1
#define GETTEXT_PACKAGE "cairo-dock"
#define STDC_HEADERS 1
#define HAVE_MATH_H 1
#define HAVE_STDLIB_H 1

configure: exit 0
